<?xml version="1.0" encoding="UTF-8"?>
<testsuite name="DictionarTest" tests="1" skipped="0" failures="0" errors="0" timestamp="2025-02-20T15:50:36" hostname="Madss-Mac-Studio.local" time="0.007">
  <properties/>
  <testcase name="test()" classname="DictionarTest" time="0.007"/>
  <system-out><![CDATA[]]></system-out>
  <system-err><![CDATA[]]></system-err>
</testsuite>
